Performing C SOURCE FILE Test CMAKE_HAVE_LIBC_PTHREAD failed with the following output:
Change Dir: /media1/celadon_u/hardware/intel/external/media/mod/Tools/MediaDriverTools/Android/build/gmm/CMakeFiles/CMakeTmp

Run Build Command(s):/usr/bin/make cmTC_f4879/fast && /usr/bin/make -f CMakeFiles/cmTC_f4879.dir/build.make CMakeFiles/cmTC_f4879.dir/build
make[1]: Entering directory '/media1/celadon_u/hardware/intel/external/media/mod/Tools/MediaDriverTools/Android/build/gmm/CMakeFiles/CMakeTmp'
Building C object CMakeFiles/cmTC_f4879.dir/src.c.o
/usr/bin/cc   -DCMAKE_HAVE_LIBC_PTHREAD   -o CMakeFiles/cmTC_f4879.dir/src.c.o   -c /media1/celadon_u/hardware/intel/external/media/mod/Tools/MediaDriverTools/Android/build/gmm/CMakeFiles/CMakeTmp/src.c
Linking C executable cmTC_f4879
/usr/bin/cmake -E cmake_link_script CMakeFiles/cmTC_f4879.dir/link.txt --verbose=1
/usr/bin/cc  -DCMAKE_HAVE_LIBC_PTHREAD   -m64  CMakeFiles/cmTC_f4879.dir/src.c.o  -o cmTC_f4879 
/usr/bin/ld: CMakeFiles/cmTC_f4879.dir/src.c.o: in function `main':
src.c:(.text+0x46): undefined reference to `pthread_create'
/usr/bin/ld: src.c:(.text+0x52): undefined reference to `pthread_detach'
/usr/bin/ld: src.c:(.text+0x63): undefined reference to `pthread_join'
collect2: error: ld returned 1 exit status
make[1]: *** [CMakeFiles/cmTC_f4879.dir/build.make:87: cmTC_f4879] Error 1
make[1]: Leaving directory '/media1/celadon_u/hardware/intel/external/media/mod/Tools/MediaDriverTools/Android/build/gmm/CMakeFiles/CMakeTmp'
make: *** [Makefile:121: cmTC_f4879/fast] Error 2


Source file was:
#include <pthread.h>

void* test_func(void* data)
{
  return data;
}

int main(void)
{
  pthread_t thread;
  pthread_create(&thread, NULL, test_func, NULL);
  pthread_detach(thread);
  pthread_join(thread, NULL);
  pthread_atfork(NULL, NULL, NULL);
  pthread_exit(NULL);

  return 0;
}

Performing C SOURCE FILE Test CMAKE_HAVE_LIBC_PTHREAD failed with the following output:
Change Dir: /media1/celadon_u/hardware/intel/external/media/mod/Tools/MediaDriverTools/Android/build/gmm/CMakeFiles/CMakeTmp

Run Build Command(s):/usr/bin/make cmTC_643a5/fast && /usr/bin/make -f CMakeFiles/cmTC_643a5.dir/build.make CMakeFiles/cmTC_643a5.dir/build
make[1]: Entering directory '/media1/celadon_u/hardware/intel/external/media/mod/Tools/MediaDriverTools/Android/build/gmm/CMakeFiles/CMakeTmp'
Building C object CMakeFiles/cmTC_643a5.dir/src.c.o
/usr/bin/cc   -DCMAKE_HAVE_LIBC_PTHREAD   -o CMakeFiles/cmTC_643a5.dir/src.c.o   -c /media1/celadon_u/hardware/intel/external/media/mod/Tools/MediaDriverTools/Android/build/gmm/CMakeFiles/CMakeTmp/src.c
Linking C executable cmTC_643a5
/usr/bin/cmake -E cmake_link_script CMakeFiles/cmTC_643a5.dir/link.txt --verbose=1
/usr/bin/cc  -DCMAKE_HAVE_LIBC_PTHREAD   -m64  CMakeFiles/cmTC_643a5.dir/src.c.o  -o cmTC_643a5 
/usr/bin/ld: CMakeFiles/cmTC_643a5.dir/src.c.o: in function `main':
src.c:(.text+0x46): undefined reference to `pthread_create'
/usr/bin/ld: src.c:(.text+0x52): undefined reference to `pthread_detach'
/usr/bin/ld: src.c:(.text+0x63): undefined reference to `pthread_join'
collect2: error: ld returned 1 exit status
make[1]: *** [CMakeFiles/cmTC_643a5.dir/build.make:87: cmTC_643a5] Error 1
make[1]: Leaving directory '/media1/celadon_u/hardware/intel/external/media/mod/Tools/MediaDriverTools/Android/build/gmm/CMakeFiles/CMakeTmp'
make: *** [Makefile:121: cmTC_643a5/fast] Error 2


Source file was:
#include <pthread.h>

void* test_func(void* data)
{
  return data;
}

int main(void)
{
  pthread_t thread;
  pthread_create(&thread, NULL, test_func, NULL);
  pthread_detach(thread);
  pthread_join(thread, NULL);
  pthread_atfork(NULL, NULL, NULL);
  pthread_exit(NULL);

  return 0;
}

Performing C SOURCE FILE Test CMAKE_HAVE_LIBC_PTHREAD failed with the following output:
Change Dir: /media1/celadon_u/hardware/intel/external/media/mod/Tools/MediaDriverTools/Android/build/gmm/CMakeFiles/CMakeTmp

Run Build Command(s):/usr/bin/make cmTC_54cd6/fast && /usr/bin/make -f CMakeFiles/cmTC_54cd6.dir/build.make CMakeFiles/cmTC_54cd6.dir/build
make[1]: Entering directory '/media1/celadon_u/hardware/intel/external/media/mod/Tools/MediaDriverTools/Android/build/gmm/CMakeFiles/CMakeTmp'
Building C object CMakeFiles/cmTC_54cd6.dir/src.c.o
/usr/bin/cc   -DCMAKE_HAVE_LIBC_PTHREAD   -o CMakeFiles/cmTC_54cd6.dir/src.c.o   -c /media1/celadon_u/hardware/intel/external/media/mod/Tools/MediaDriverTools/Android/build/gmm/CMakeFiles/CMakeTmp/src.c
Linking C executable cmTC_54cd6
/usr/bin/cmake -E cmake_link_script CMakeFiles/cmTC_54cd6.dir/link.txt --verbose=1
/usr/bin/cc  -DCMAKE_HAVE_LIBC_PTHREAD   -m64  CMakeFiles/cmTC_54cd6.dir/src.c.o  -o cmTC_54cd6 
/usr/bin/ld: CMakeFiles/cmTC_54cd6.dir/src.c.o: in function `main':
src.c:(.text+0x46): undefined reference to `pthread_create'
/usr/bin/ld: src.c:(.text+0x52): undefined reference to `pthread_detach'
/usr/bin/ld: src.c:(.text+0x63): undefined reference to `pthread_join'
collect2: error: ld returned 1 exit status
make[1]: *** [CMakeFiles/cmTC_54cd6.dir/build.make:87: cmTC_54cd6] Error 1
make[1]: Leaving directory '/media1/celadon_u/hardware/intel/external/media/mod/Tools/MediaDriverTools/Android/build/gmm/CMakeFiles/CMakeTmp'
make: *** [Makefile:121: cmTC_54cd6/fast] Error 2


Source file was:
#include <pthread.h>

void* test_func(void* data)
{
  return data;
}

int main(void)
{
  pthread_t thread;
  pthread_create(&thread, NULL, test_func, NULL);
  pthread_detach(thread);
  pthread_join(thread, NULL);
  pthread_atfork(NULL, NULL, NULL);
  pthread_exit(NULL);

  return 0;
}

Performing C SOURCE FILE Test CMAKE_HAVE_LIBC_PTHREAD failed with the following output:
Change Dir: /media1/celadon_u/hardware/intel/external/media/mod/Tools/MediaDriverTools/Android/build/gmm/CMakeFiles/CMakeTmp

Run Build Command(s):/usr/bin/make cmTC_c24f5/fast && /usr/bin/make -f CMakeFiles/cmTC_c24f5.dir/build.make CMakeFiles/cmTC_c24f5.dir/build
make[1]: Entering directory '/media1/celadon_u/hardware/intel/external/media/mod/Tools/MediaDriverTools/Android/build/gmm/CMakeFiles/CMakeTmp'
Building C object CMakeFiles/cmTC_c24f5.dir/src.c.o
/usr/bin/cc   -DCMAKE_HAVE_LIBC_PTHREAD   -o CMakeFiles/cmTC_c24f5.dir/src.c.o   -c /media1/celadon_u/hardware/intel/external/media/mod/Tools/MediaDriverTools/Android/build/gmm/CMakeFiles/CMakeTmp/src.c
Linking C executable cmTC_c24f5
/usr/bin/cmake -E cmake_link_script CMakeFiles/cmTC_c24f5.dir/link.txt --verbose=1
/usr/bin/cc  -DCMAKE_HAVE_LIBC_PTHREAD   -m64  CMakeFiles/cmTC_c24f5.dir/src.c.o  -o cmTC_c24f5 
/usr/bin/ld: CMakeFiles/cmTC_c24f5.dir/src.c.o: in function `main':
src.c:(.text+0x46): undefined reference to `pthread_create'
/usr/bin/ld: src.c:(.text+0x52): undefined reference to `pthread_detach'
/usr/bin/ld: src.c:(.text+0x63): undefined reference to `pthread_join'
collect2: error: ld returned 1 exit status
make[1]: *** [CMakeFiles/cmTC_c24f5.dir/build.make:87: cmTC_c24f5] Error 1
make[1]: Leaving directory '/media1/celadon_u/hardware/intel/external/media/mod/Tools/MediaDriverTools/Android/build/gmm/CMakeFiles/CMakeTmp'
make: *** [Makefile:121: cmTC_c24f5/fast] Error 2


Source file was:
#include <pthread.h>

void* test_func(void* data)
{
  return data;
}

int main(void)
{
  pthread_t thread;
  pthread_create(&thread, NULL, test_func, NULL);
  pthread_detach(thread);
  pthread_join(thread, NULL);
  pthread_atfork(NULL, NULL, NULL);
  pthread_exit(NULL);

  return 0;
}

Performing C SOURCE FILE Test CMAKE_HAVE_LIBC_PTHREAD failed with the following output:
Change Dir: /media1/celadon_u/hardware/intel/external/media/mod/Tools/MediaDriverTools/Android/build/gmm/CMakeFiles/CMakeTmp

Run Build Command(s):/usr/bin/make cmTC_66f19/fast && /usr/bin/make -f CMakeFiles/cmTC_66f19.dir/build.make CMakeFiles/cmTC_66f19.dir/build
make[1]: Entering directory '/media1/celadon_u/hardware/intel/external/media/mod/Tools/MediaDriverTools/Android/build/gmm/CMakeFiles/CMakeTmp'
Building C object CMakeFiles/cmTC_66f19.dir/src.c.o
/usr/bin/cc   -DCMAKE_HAVE_LIBC_PTHREAD   -o CMakeFiles/cmTC_66f19.dir/src.c.o   -c /media1/celadon_u/hardware/intel/external/media/mod/Tools/MediaDriverTools/Android/build/gmm/CMakeFiles/CMakeTmp/src.c
Linking C executable cmTC_66f19
/usr/bin/cmake -E cmake_link_script CMakeFiles/cmTC_66f19.dir/link.txt --verbose=1
/usr/bin/cc  -DCMAKE_HAVE_LIBC_PTHREAD   -m64  CMakeFiles/cmTC_66f19.dir/src.c.o  -o cmTC_66f19 
/usr/bin/ld: CMakeFiles/cmTC_66f19.dir/src.c.o: in function `main':
src.c:(.text+0x46): undefined reference to `pthread_create'
/usr/bin/ld: src.c:(.text+0x52): undefined reference to `pthread_detach'
/usr/bin/ld: src.c:(.text+0x63): undefined reference to `pthread_join'
collect2: error: ld returned 1 exit status
make[1]: *** [CMakeFiles/cmTC_66f19.dir/build.make:87: cmTC_66f19] Error 1
make[1]: Leaving directory '/media1/celadon_u/hardware/intel/external/media/mod/Tools/MediaDriverTools/Android/build/gmm/CMakeFiles/CMakeTmp'
make: *** [Makefile:121: cmTC_66f19/fast] Error 2


Source file was:
#include <pthread.h>

void* test_func(void* data)
{
  return data;
}

int main(void)
{
  pthread_t thread;
  pthread_create(&thread, NULL, test_func, NULL);
  pthread_detach(thread);
  pthread_join(thread, NULL);
  pthread_atfork(NULL, NULL, NULL);
  pthread_exit(NULL);

  return 0;
}

Performing C SOURCE FILE Test CMAKE_HAVE_LIBC_PTHREAD failed with the following output:
Change Dir: /media1/celadon_u/hardware/intel/external/media/mod/Tools/MediaDriverTools/Android/build/gmm/CMakeFiles/CMakeTmp

Run Build Command(s):/usr/bin/make cmTC_d0862/fast && /usr/bin/make -f CMakeFiles/cmTC_d0862.dir/build.make CMakeFiles/cmTC_d0862.dir/build
make[1]: Entering directory '/media1/celadon_u/hardware/intel/external/media/mod/Tools/MediaDriverTools/Android/build/gmm/CMakeFiles/CMakeTmp'
Building C object CMakeFiles/cmTC_d0862.dir/src.c.o
/usr/bin/cc   -DCMAKE_HAVE_LIBC_PTHREAD   -o CMakeFiles/cmTC_d0862.dir/src.c.o   -c /media1/celadon_u/hardware/intel/external/media/mod/Tools/MediaDriverTools/Android/build/gmm/CMakeFiles/CMakeTmp/src.c
Linking C executable cmTC_d0862
/usr/bin/cmake -E cmake_link_script CMakeFiles/cmTC_d0862.dir/link.txt --verbose=1
/usr/bin/cc  -DCMAKE_HAVE_LIBC_PTHREAD   -m64  CMakeFiles/cmTC_d0862.dir/src.c.o  -o cmTC_d0862 
/usr/bin/ld: CMakeFiles/cmTC_d0862.dir/src.c.o: in function `main':
src.c:(.text+0x46): undefined reference to `pthread_create'
/usr/bin/ld: src.c:(.text+0x52): undefined reference to `pthread_detach'
/usr/bin/ld: src.c:(.text+0x63): undefined reference to `pthread_join'
collect2: error: ld returned 1 exit status
make[1]: *** [CMakeFiles/cmTC_d0862.dir/build.make:87: cmTC_d0862] Error 1
make[1]: Leaving directory '/media1/celadon_u/hardware/intel/external/media/mod/Tools/MediaDriverTools/Android/build/gmm/CMakeFiles/CMakeTmp'
make: *** [Makefile:121: cmTC_d0862/fast] Error 2


Source file was:
#include <pthread.h>

void* test_func(void* data)
{
  return data;
}

int main(void)
{
  pthread_t thread;
  pthread_create(&thread, NULL, test_func, NULL);
  pthread_detach(thread);
  pthread_join(thread, NULL);
  pthread_atfork(NULL, NULL, NULL);
  pthread_exit(NULL);

  return 0;
}

